<?xml version="1.0" encoding="UTF-8"?>
<robot generator="Robot 4.1.3 (Python 3.10.2 on win32)" generated="20220210 12:30:06.362" rpa="false" schemaversion="2">
<suite id="s1" name="Alert Suite" source="C:\Users\koush\PycharmProjects\pythonProject\selenium_suite\alert_suite.robot">
<test id="s1-t1" name="TC1">
<kw name="Open Browser" library="SeleniumLibrary">
<arg>browser=chrome</arg>
<arg>executable_path=${EXECDIR}${/}drivers${/}chromedriver</arg>
<doc>Opens a new browser instance to the optional ``url``.</doc>
<msg timestamp="20220210 12:30:06.536" level="INFO">Opening browser 'chrome' to base url 'None'.</msg>
<msg timestamp="20220210 12:30:06.549" level="INFO">Cannot capture screenshot because no browser is open.</msg>
<msg timestamp="20220210 12:30:06.551" level="FAIL">WebDriverException: Message: 'chromedriver' executable needs to be in PATH. Please see https://chromedriver.chromium.org/home
</msg>
<status status="FAIL" starttime="20220210 12:30:06.536" endtime="20220210 12:30:06.551"/>
</kw>
<kw name="Maximize Browser Window" library="SeleniumLibrary">
<doc>Maximizes current browser window.</doc>
<status status="NOT RUN" starttime="20220210 12:30:06.552" endtime="20220210 12:30:06.552"/>
</kw>
<kw name="Set Selenium Implicit Wait" library="SeleniumLibrary">
<arg>30s</arg>
<doc>Sets the implicit wait value used by Selenium.</doc>
<status status="NOT RUN" starttime="20220210 12:30:06.552" endtime="20220210 12:30:06.553"/>
</kw>
<kw name="Go To" library="SeleniumLibrary">
<arg>url=https://netbanking.hdfcbank.com/netbanking/IpinResetUsingOTP.htm</arg>
<doc>Navigates the current browser window to the provided ``url``.</doc>
<status status="NOT RUN" starttime="20220210 12:30:06.553" endtime="20220210 12:30:06.553"/>
</kw>
<kw name="Click Element" library="SeleniumLibrary">
<arg>xpath=//img[@alt='Go']</arg>
<doc>Click the element identified by ``locator``.</doc>
<status status="NOT RUN" starttime="20220210 12:30:06.554" endtime="20220210 12:30:06.554"/>
</kw>
<kw name="Handle Alert" library="SeleniumLibrary">
<var>${alert_text}</var>
<arg>action=ACCEPT</arg>
<arg>timeout=28s</arg>
<doc>Handles the current alert and returns its message.</doc>
<status status="NOT RUN" starttime="20220210 12:30:06.554" endtime="20220210 12:30:06.554"/>
</kw>
<kw name="Log To Console" library="BuiltIn">
<arg>${alert_text}</arg>
<doc>Logs the given message to the console.</doc>
<status status="NOT RUN" starttime="20220210 12:30:06.554" endtime="20220210 12:30:06.554"/>
</kw>
<kw name="Close Browser" library="SeleniumLibrary">
<doc>Closes the current browser.</doc>
<status status="NOT RUN" starttime="20220210 12:30:06.555" endtime="20220210 12:30:06.555"/>
</kw>
<status status="FAIL" starttime="20220210 12:30:06.535" endtime="20220210 12:30:06.555">WebDriverException: Message: 'chromedriver' executable needs to be in PATH. Please see https://chromedriver.chromium.org/home
</status>
</test>
<status status="FAIL" starttime="20220210 12:30:06.364" endtime="20220210 12:30:06.557"/>
</suite>
<statistics>
<total>
<stat pass="0" fail="1" skip="0">All Tests</stat>
</total>
<tag>
</tag>
<suite>
<stat pass="0" fail="1" skip="0" id="s1" name="Alert Suite">Alert Suite</stat>
</suite>
</statistics>
<errors>
</errors>
</robot>
